
ASEM-51 V1.3                                         Copyright (c) 2002 by W.W. Heinz                                         PAGE 1





       MCS-51 Family Macro Assembler   A S E M - 5 1   V 1.3
       =====================================================



	Source File:	D:\rled.asm
	Object File:	D:\rled.hex
	List File:	D:\rled.lst



 Line  I  Addr  Code            Source

    1:		N      0000	org 00h
    2:	  0000			start:
    3:	  0000	75 80 FE	mov p0,#11111110B
    4:	  0003	11 3C		acall delay
    5:	  0005	75 80 FD	mov p0,#11111101B
    6:	  0008	11 3C		acall delay
    7:	  000A	75 80 FB	mov p0,#11111011B
    8:	  000D	11 3C		acall delay
    9:	  000F	75 80 F7	mov p0,#11110111B
   10:	  0012	11 3C		acall delay
   11:	  0014	75 80 EF	mov p0,#11101111B
   12:	  0017	11 3C		acall delay
   13:	  0019	75 80 E7	mov p0,#11100111B
   14:	  001C	11 3C		acall delay
   15:	  001E	75 80 E3	mov p0,#11100011B
   16:	  0021	11 3C		acall delay
   17:	  0023	75 80 E1	mov p0,#11100001B
   18:	  0026	11 3C		acall delay
   19:	  0028	75 80 E0	mov p0,#11100000B
   20:	  002B	11 3C		acall delay
   21:	  002D	75 80 FF	mov p0,#11111111B
   22:	  0030	11 3C		acall delay
   23:	  0032	75 80 E0	mov p0,#11100000B
   24:	  0035	11 3C		acall delay
   25:
   26:
   27:	  0037	85 90 80	mov P0,P1
   28:	  003A	01 00		ajmp start
   29:	  003C	7F 00		delay: mov r7,#00h
   30:	  003E	7E 00		ulang2: mov r6,#00h
   31:	  0040	7D 00		ulang1: mov r5,#00h
   32:	  0042	0D		ulang: inc r5
   33:	  0043	BD 40 FC	cjne r5,#40h,ulang
   34:	  0046	0E		inc r6
   35:	  0047	BE 40 F6	cjne r6,#40h,ulang1
   36:	  004A	0F		inc r7
   37:	  004B	BF 40 F0	cjne r7,#40h,ulang2
   38:	  004E	22		ret
   39:				end





ASEM-51 V1.3                                         Copyright (c) 2002 by W.W. Heinz                                         PAGE 2




                     register banks used:  ---

                     no errors




ASEM-51 V1.3                                         Copyright (c) 2002 by W.W. Heinz                                         PAGE 3





	       L I S T   O F   S Y M B O L S
	       =============================


SYMBOL				  TYPE     VALUE	LINE
------------------------------------------------------------
??ASEM_51			  NUMBER    8051
??VERSION			  NUMBER    0130
AC				  BIT	      D6
ACC				  DATA	      E0
B				  DATA	      F0
CY				  BIT	      D7
DELAY				  CODE	    003C	  29
DPH				  DATA	      83
DPL				  DATA	      82
EA				  BIT	      AF
ES				  BIT	      AC
ET0				  BIT	      A9
ET1				  BIT	      AB
EX0				  BIT	      A8
EX1				  BIT	      AA
EXTI0				  CODE	    0003
EXTI1				  CODE	    0013
F0				  BIT	      D5
IE				  DATA	      A8
IE0				  BIT	      89
IE1				  BIT	      8B
INT0				  BIT	      B2
INT1				  BIT	      B3
IP				  DATA	      B8
IT0				  BIT	      88
IT1				  BIT	      8A
OV				  BIT	      D2
P				  BIT	      D0
P0				  DATA	      80
P1				  DATA	      90
P2				  DATA	      A0
P3				  DATA	      B0
PCON				  DATA	      87
PS				  BIT	      BC
PSW				  DATA	      D0
PT0				  BIT	      B9
PT1				  BIT	      BB
PX0				  BIT	      B8
PX1				  BIT	      BA
RB8				  BIT	      9A
RD				  BIT	      B7
REN				  BIT	      9C
RESET				  CODE	    0000
RI				  BIT	      98
RS0				  BIT	      D3
RS1				  BIT	      D4
RXD				  BIT	      B0
SBUF				  DATA	      99
SCON				  DATA	      98
SINT				  CODE	    0023

ASEM-51 V1.3                                         Copyright (c) 2002 by W.W. Heinz                                         PAGE 4



SYMBOL				  TYPE     VALUE	LINE
------------------------------------------------------------
SM0				  BIT	      9F
SM1				  BIT	      9E
SM2				  BIT	      9D
SP				  DATA	      81
START				  CODE	    0000	   2
T0				  BIT	      B4
T1				  BIT	      B5
TB8				  BIT	      9B
TCON				  DATA	      88
TF0				  BIT	      8D
TF1				  BIT	      8F
TH0				  DATA	      8C
TH1				  DATA	      8D
TI				  BIT	      99
TIMER0				  CODE	    000B
TIMER1				  CODE	    001B
TL0				  DATA	      8A
TL1				  DATA	      8B
TMOD				  DATA	      89
TR0				  BIT	      8C
TR1				  BIT	      8E
TXD				  BIT	      B1
ULANG				  CODE	    0042	  32
ULANG1				  CODE	    0040	  31
ULANG2				  CODE	    003E	  30
WR				  BIT	      B6
